2025-03-27 18:42:56 [ERROR]: Failed to start server:  {
  "service": "telegram-channel-api",
  "error": {
    "response": {
      "ok": false,
      "error_code": 409,
      "description": "Conflict: terminated by other getUpdates request; make sure that only one bot instance is running"
    },
    "on": {
      "method": "getUpdates",
      "payload": {
        "timeout": 50,
        "offset": 0,
        "allowed_updates": []
      }
    }
  }
}
2025-03-27 19:42:01 [ERROR]: Failed to start server:  
2025-03-27 19:42:58 [ERROR]: Failed to start server:  
2025-03-27 20:15:20 [ERROR]: Failed to start server:  
2025-03-27 20:17:50 [ERROR]: Failed to start server:  
2025-03-27 20:19:04 [ERROR]: Failed to start server:  
